cartechSuwon_new/android/app/build/intermediates/manifest_merge_blame_file/debug/manifest-merger-blame-debug-report.txt
1<?xml version="1.0" encoding="utf-8"?>
2<manifest xmlns:android="http://schemas.android.com/apk/res/android"
3    package="com.podifyplayer"
4    android:versionCode="1"
5    android:versionName="1.0" >
6
7    <uses-sdk
8        android:minSdkVersion="21"
9        android:targetSdkVersion="33" />
10
11    <uses-permission android:name="android.permission.SYSTEM_ALERT_WINDOW" />
11-->src\debug\AndroidManifest.xml:5:5-77
11-->src\debug\AndroidManifest.xml:5:22-75
12    <uses-permission android:name="android.permission.INTERNET" />
12-->src\main\AndroidManifest.xml:3:5-67
12-->src\main\AndroidManifest.xml:3:22-64
13    <uses-permission android:name="android.permission.CAMERA" />
13-->src\main\AndroidManifest.xml:4:5-64
13-->src\main\AndroidManifest.xml:4:22-62
14    <uses-permission android:name="android.permission.ACCESS_WIFI_STATE" />
14-->[com.facebook.flipper:flipper:0.182.0] AndroidManifest.xml:16:5-76
14-->[com.facebook.flipper:flipper:0.182.0] AndroidManifest.xml:16:22-73
15
16    <queries>
16-->[:react-native-image-crop-picker] AndroidManifest.xml:7:5-11:15
17        <intent>
17-->[:react-native-image-crop-picker] AndroidManifest.xml:8:9-10:18
18            <action android:name="android.media.action.IMAGE_CAPTURE" />
18-->[:react-native-image-crop-picker] AndroidManifest.xml:9:13-73
18-->[:react-native-image-crop-picker] AndroidManifest.xml:9:21-70
19        </intent>
20    </queries>
21
22    <uses-permission android:name="android.permission.WRITE_EXTERNAL_STORAGE" />
22-->[:react-native-image-crop-picker] AndroidManifest.xml:13:5-81
22-->[:react-native-image-crop-picker] AndroidManifest.xml:13:22-78
23    <uses-permission android:name="android.permission.READ_EXTERNAL_STORAGE" />
24
25    <permission
25-->[androidx.core:core:1.10.1] AndroidManifest.xml:22:5-24:47
26        android:name="com.podifyplayer.DYNAMIC_RECEIVER_NOT_EXPORTED_PERMISSION"
26-->[androidx.core:core:1.10.1] AndroidManifest.xml:23:9-81
27        android:protectionLevel="signature" />
27-->[androidx.core:core:1.10.1] AndroidManifest.xml:24:9-44
28
29    <uses-permission android:name="com.podifyplayer.DYNAMIC_RECEIVER_NOT_EXPORTED_PERMISSION" />
29-->[androidx.core:core:1.10.1] AndroidManifest.xml:26:5-97
29-->[androidx.core:core:1.10.1] AndroidManifest.xml:26:22-94
30
31    <application
31-->src\main\AndroidManifest.xml:6:5-25:19
32        android:name="com.podifyplayer.MainApplication"
32-->src\main\AndroidManifest.xml:7:7-38
33        android:allowBackup="false"
33-->src\main\AndroidManifest.xml:11:7-34
34        android:appComponentFactory="androidx.core.app.CoreComponentFactory"
34-->[androidx.core:core:1.10.1] AndroidManifest.xml:28:18-86
35        android:debuggable="true"
36        android:icon="@mipmap/ic_launcher"
36-->src\main\AndroidManifest.xml:9:7-41
37        android:label="@string/app_name"
37-->src\main\AndroidManifest.xml:8:7-39
38        android:roundIcon="@mipmap/ic_launcher_round"
38-->src\main\AndroidManifest.xml:10:7-52
39        android:theme="@style/AppTheme"
39-->src\main\AndroidManifest.xml:12:7-38
40        android:usesCleartextTraffic="true" >
40-->src\debug\AndroidManifest.xml:8:9-44
41        <activity
41-->src\debug\AndroidManifest.xml:11:9-111
42            android:name="com.facebook.react.devsupport.DevSettingsActivity"
42-->src\debug\AndroidManifest.xml:11:19-83
43            android:exported="false" />
43-->src\debug\AndroidManifest.xml:11:84-108
44        <activity
44-->src\main\AndroidManifest.xml:13:7-24:18
45            android:name="com.podifyplayer.MainActivity"
45-->src\main\AndroidManifest.xml:14:9-37
46            android:configChanges="keyboard|keyboardHidden|orientation|screenLayout|screenSize|smallestScreenSize|uiMode"
46-->src\main\AndroidManifest.xml:16:9-118
47            android:exported="true"
47-->src\main\AndroidManifest.xml:19:9-32
48            android:label="@string/app_name"
48-->src\main\AndroidManifest.xml:15:9-41
49            android:launchMode="singleTask"
49-->src\main\AndroidManifest.xml:17:9-40
50            android:windowSoftInputMode="adjustResize" >
50-->src\main\AndroidManifest.xml:18:9-51
51            <intent-filter>
51-->src\main\AndroidManifest.xml:20:9-23:25
52                <action android:name="android.intent.action.MAIN" />
52-->src\main\AndroidManifest.xml:21:13-65
52-->src\main\AndroidManifest.xml:21:21-62
53
54                <category android:name="android.intent.category.LAUNCHER" />
54-->src\main\AndroidManifest.xml:22:13-73
54-->src\main\AndroidManifest.xml:22:23-70
55            </intent-filter>
56        </activity>
57
58        <provider
58-->[:react-native-image-crop-picker] AndroidManifest.xml:16:9-24:20
59            android:name="com.reactnative.ivpusic.imagepicker.IvpusicImagePickerFileProvider"
59-->[:react-native-image-crop-picker] AndroidManifest.xml:17:13-94
60            android:authorities="com.podifyplayer.provider"
60-->[:react-native-image-crop-picker] AndroidManifest.xml:18:13-60
61            android:exported="false"
61-->[:react-native-image-crop-picker] AndroidManifest.xml:19:13-37
62            android:grantUriPermissions="true" >
62-->[:react-native-image-crop-picker] AndroidManifest.xml:20:13-47
63            <meta-data
63-->[:react-native-image-crop-picker] AndroidManifest.xml:21:13-23:78
64                android:name="android.support.FILE_PROVIDER_PATHS"
64-->[:react-native-image-crop-picker] AndroidManifest.xml:22:17-67
65                android:resource="@xml/ivpusic_imagepicker_provider_paths" />
65-->[:react-native-image-crop-picker] AndroidManifest.xml:23:17-75
66        </provider>
67
68        <activity
68-->[:react-native-image-crop-picker] AndroidManifest.xml:26:9-28:72
69            android:name="com.yalantis.ucrop.UCropActivity"
69-->[:react-native-image-crop-picker] AndroidManifest.xml:27:13-60
70            android:theme="@style/Theme.AppCompat.Light.NoActionBar" />
70-->[:react-native-image-crop-picker] AndroidManifest.xml:28:13-69
71
72        <provider
72-->[androidx.emoji2:emoji2:1.2.0] AndroidManifest.xml:24:9-32:20
73            android:name="androidx.startup.InitializationProvider"
73-->[androidx.emoji2:emoji2:1.2.0] AndroidManifest.xml:25:13-67
74            android:authorities="com.podifyplayer.androidx-startup"
74-->[androidx.emoji2:emoji2:1.2.0] AndroidManifest.xml:26:13-68
75            android:exported="false" >
75-->[androidx.emoji2:emoji2:1.2.0] AndroidManifest.xml:27:13-37
76            <meta-data
76-->[androidx.emoji2:emoji2:1.2.0] AndroidManifest.xml:29:13-31:52
77                android:name="androidx.emoji2.text.EmojiCompatInitializer"
77-->[androidx.emoji2:emoji2:1.2.0] AndroidManifest.xml:30:17-75
78                android:value="androidx.startup" />
78-->[androidx.emoji2:emoji2:1.2.0] AndroidManifest.xml:31:17-49
79            <meta-data
79-->[androidx.lifecycle:lifecycle-process:2.6.1] AndroidManifest.xml:29:13-31:52
80                android:name="androidx.lifecycle.ProcessLifecycleInitializer"
80-->[androidx.lifecycle:lifecycle-process:2.6.1] AndroidManifest.xml:30:17-78
81                android:value="androidx.startup" />
81-->[androidx.lifecycle:lifecycle-process:2.6.1] AndroidManifest.xml:31:17-49
82            <meta-data
82-->[androidx.profileinstaller:profileinstaller:1.3.0] AndroidManifest.xml:29:13-31:52
83                android:name="androidx.profileinstaller.ProfileInstallerInitializer"
83-->[androidx.profileinstaller:profileinstaller:1.3.0] AndroidManifest.xml:30:17-85
84                android:value="androidx.startup" />
84-->[androidx.profileinstaller:profileinstaller:1.3.0] AndroidManifest.xml:31:17-49
85        </provider>
86
87        <receiver
87-->[androidx.profileinstaller:profileinstaller:1.3.0] AndroidManifest.xml:34:9-52:20
88            android:name="androidx.profileinstaller.ProfileInstallReceiver"
88-->[androidx.profileinstaller:profileinstaller:1.3.0] AndroidManifest.xml:35:13-76
89            android:directBootAware="false"
89-->[androidx.profileinstaller:profileinstaller:1.3.0] AndroidManifest.xml:36:13-44
90            android:enabled="true"
90-->[androidx.profileinstaller:profileinstaller:1.3.0] AndroidManifest.xml:37:13-35
91            android:exported="true"
91-->[androidx.profileinstaller:profileinstaller:1.3.0] AndroidManifest.xml:38:13-36
92            android:permission="android.permission.DUMP" >
92-->[androidx.profileinstaller:profileinstaller:1.3.0] AndroidManifest.xml:39:13-57
93            <intent-filter>
93-->[androidx.profileinstaller:profileinstaller:1.3.0] AndroidManifest.xml:40:13-42:29
94                <action android:name="androidx.profileinstaller.action.INSTALL_PROFILE" />
94-->[androidx.profileinstaller:profileinstaller:1.3.0] AndroidManifest.xml:41:17-91
94-->[androidx.profileinstaller:profileinstaller:1.3.0] AndroidManifest.xml:41:25-88
95            </intent-filter>
96            <intent-filter>
96-->[androidx.profileinstaller:profileinstaller:1.3.0] AndroidManifest.xml:43:13-45:29
97                <action android:name="androidx.profileinstaller.action.SKIP_FILE" />
97-->[androidx.profileinstaller:profileinstaller:1.3.0] AndroidManifest.xml:44:17-85
97-->[androidx.profileinstaller:profileinstaller:1.3.0] AndroidManifest.xml:44:25-82
98            </intent-filter>
99            <intent-filter>
99-->[androidx.profileinstaller:profileinstaller:1.3.0] AndroidManifest.xml:46:13-48:29
100                <action android:name="androidx.profileinstaller.action.SAVE_PROFILE" />
100-->[androidx.profileinstaller:profileinstaller:1.3.0] AndroidManifest.xml:47:17-88
100-->[androidx.profileinstaller:profileinstaller:1.3.0] AndroidManifest.xml:47:25-85
101            </intent-filter>
102            <intent-filter>
102-->[androidx.profileinstaller:profileinstaller:1.3.0] AndroidManifest.xml:49:13-51:29
103                <action android:name="androidx.profileinstaller.action.BENCHMARK_OPERATION" />
103-->[androidx.profileinstaller:profileinstaller:1.3.0] AndroidManifest.xml:50:17-95
103-->[androidx.profileinstaller:profileinstaller:1.3.0] AndroidManifest.xml:50:25-92
104            </intent-filter>
105        </receiver>
106
107        <meta-data
107-->[com.facebook.soloader:soloader:0.10.5] AndroidManifest.xml:12:9-14:37
108            android:name="com.facebook.soloader.enabled"
108-->[com.facebook.soloader:soloader:0.10.5] AndroidManifest.xml:13:13-57
109            android:value="false" />
109-->[com.facebook.soloader:soloader:0.10.5] AndroidManifest.xml:14:13-34
110    </application>
111
112</manifest>